2012-08-19 16:05:48,582 [9] FATAL Front.Form1 [(null)] &lt;(null)&gt; - Un Archivo 'OLA_250712.txt' en 'C:\Temp\' ha sido eliminado el dom , 19-ago-2012 04:05 p.m.
2012-08-19 16:05:48,614 [9] FATAL Front.Form1 [(null)] &lt;(null)&gt; - Un Archivo 'CAMBIO_250712.txt' en 'C:\Temp\' ha sido eliminado el dom , 19-ago-2012 04:05 p.m.
2012-08-19 16:05:52,160 [9] FATAL Front.Form1 [(null)] &lt;(null)&gt; - Un Archivo 'OLA_250712.txt' en 'C:\Temp\' ha sido creado el dom , 19-ago-2012 04:05 p.m.
2012-08-19 16:05:52,160 [9] FATAL Front.Form1 [(null)] &lt;(null)&gt; - Un Archivo 'CAMBIO_250712.txt' en 'C:\Temp\' ha sido creado el dom , 19-ago-2012 04:05 p.m.
2012-08-19 16:06:07,192 [6] FATAL Front.Form1 [(null)] &lt;(null)&gt; - System.Data.SqlClient.SqlException: Error relacionado con la red o específico de la instancia mientras se establecía una conexión con el servidor SQL Server. No se encontró el servidor o éste no estaba accesible. Compruebe que el nombre de la instancia es correcto y que SQL Server está configurado para admitir conexiones remotas. (provider: Interfaces de red SQL, error: 26 - Error al buscar el servidor o instancia especificado)
   en System.Data.SqlClient.SqlInternalConnection.OnError(SqlException exception, Boolean breakConnection)
   en System.Data.SqlClient.TdsParser.ThrowExceptionAndWarning(TdsParserStateObject stateObj)
   en System.Data.SqlClient.TdsParser.Connect(ServerInfo serverInfo, SqlInternalConnectionTds connHandler, Boolean ignoreSniOpenTimeout, Int64 timerExpire, Boolean encrypt, Boolean trustServerCert, Boolean integratedSecurity, SqlConnection owningObject)
   en System.Data.SqlClient.SqlInternalConnectionTds.AttemptOneLogin(ServerInfo serverInfo, String newPassword, Boolean ignoreSniOpenTimeout, Int64 timerExpire, SqlConnection owningObject)
   en System.Data.SqlClient.SqlInternalConnectionTds.LoginNoFailover(String host, String newPassword, Boolean redirectedUserInstance, SqlConnection owningObject, SqlConnectionString connectionOptions, Int64 timerStart)
   en System.Data.SqlClient.SqlInternalConnectionTds.OpenLoginEnlist(SqlConnection owningObject, SqlConnectionString connectionOptions, String newPassword, Boolean redirectedUserInstance)
   en System.Data.SqlClient.SqlInternalConnectionTds..ctor(DbConnectionPoolIdentity identity, SqlConnectionString connectionOptions, Object providerInfo, String newPassword, SqlConnection owningObject, Boolean redirectedUserInstance)
   en System.Data.SqlClient.SqlConnectionFactory.CreateConnection(DbConnectionOptions options, Object poolGroupProviderInfo, DbConnectionPool pool, DbConnection owningConnection)
   en System.Data.ProviderBase.DbConnectionFactory.CreateNonPooledConnection(DbConnection owningConnection, DbConnectionPoolGroup poolGroup)
   en System.Data.ProviderBase.DbConnectionFactory.GetConnection(DbConnection owningConnection)
   en System.Data.ProviderBase.DbConnectionClosed.OpenConnection(DbConnection outerConnection, DbConnectionFactory connectionFactory)
   en System.Data.SqlClient.SqlConnection.Open()
   en NHibernate.Connection.DriverConnectionProvider.GetConnection()
   en NHibernate.Tool.hbm2ddl.SuppliedConnectionProviderConnectionHelper.Prepare()
   en NHibernate.Tool.hbm2ddl.SchemaMetadataUpdater.GetReservedWords(Dialect dialect, IConnectionHelper connectionHelper)
   en NHibernate.Tool.hbm2ddl.SchemaMetadataUpdater.Update(ISessionFactory sessionFactory)
   en NHibernate.Impl.SessionFactoryImpl..ctor(Configuration cfg, IMapping mapping, Settings settings, EventListeners listeners)
   en NHibernate.Cfg.Configuration.BuildSessionFactory()
   en Castle.ActiveRecord.Framework.SessionFactoryHolder.GetSessionFactory(Type type)
   en Castle.ActiveRecord.Framework.SessionFactoryHolder.CreateSession(Type type)
   en Castle.ActiveRecord.ActiveRecordBase.InternalSave(Object instance, Boolean flush)
   en Castle.ActiveRecord.ActiveRecordBase.Save(Object instance)
   en Castle.ActiveRecord.ActiveRecordBase.Save()
   en FileProccesor.Services.Transatlantica.Persistir(String file) en c:\Users\Virtual7\Documents\GitHub\Importador.Fidecard\FileProccesor\Services\Transatlantica.cs:línea 37
   en Front.Form1.Work(String filepath) en c:\Users\Virtual7\Documents\GitHub\Importador.Fidecard\Front\Form1.cs:línea 74
2012-08-19 16:06:21,910 [13] FATAL Front.Form1 [(null)] &lt;(null)&gt; - System.Data.SqlClient.SqlException: Error relacionado con la red o específico de la instancia mientras se establecía una conexión con el servidor SQL Server. No se encontró el servidor o éste no estaba accesible. Compruebe que el nombre de la instancia es correcto y que SQL Server está configurado para admitir conexiones remotas. (provider: Interfaces de red SQL, error: 26 - Error al buscar el servidor o instancia especificado)
   en System.Data.SqlClient.SqlInternalConnection.OnError(SqlException exception, Boolean breakConnection)
   en System.Data.SqlClient.TdsParser.ThrowExceptionAndWarning(TdsParserStateObject stateObj)
   en System.Data.SqlClient.TdsParser.Connect(ServerInfo serverInfo, SqlInternalConnectionTds connHandler, Boolean ignoreSniOpenTimeout, Int64 timerExpire, Boolean encrypt, Boolean trustServerCert, Boolean integratedSecurity, SqlConnection owningObject)
   en System.Data.SqlClient.SqlInternalConnectionTds.AttemptOneLogin(ServerInfo serverInfo, String newPassword, Boolean ignoreSniOpenTimeout, Int64 timerExpire, SqlConnection owningObject)
   en System.Data.SqlClient.SqlInternalConnectionTds.LoginNoFailover(String host, String newPassword, Boolean redirectedUserInstance, SqlConnection owningObject, SqlConnectionString connectionOptions, Int64 timerStart)
   en System.Data.SqlClient.SqlInternalConnectionTds.OpenLoginEnlist(SqlConnection owningObject, SqlConnectionString connectionOptions, String newPassword, Boolean redirectedUserInstance)
   en System.Data.SqlClient.SqlInternalConnectionTds..ctor(DbConnectionPoolIdentity identity, SqlConnectionString connectionOptions, Object providerInfo, String newPassword, SqlConnection owningObject, Boolean redirectedUserInstance)
   en System.Data.SqlClient.SqlConnectionFactory.CreateConnection(DbConnectionOptions options, Object poolGroupProviderInfo, DbConnectionPool pool, DbConnection owningConnection)
   en System.Data.ProviderBase.DbConnectionFactory.CreateNonPooledConnection(DbConnection owningConnection, DbConnectionPoolGroup poolGroup)
   en System.Data.ProviderBase.DbConnectionFactory.GetConnection(DbConnection owningConnection)
   en System.Data.ProviderBase.DbConnectionClosed.OpenConnection(DbConnection outerConnection, DbConnectionFactory connectionFactory)
   en System.Data.SqlClient.SqlConnection.Open()
   en NHibernate.Connection.DriverConnectionProvider.GetConnection()
   en NHibernate.Tool.hbm2ddl.SuppliedConnectionProviderConnectionHelper.Prepare()
   en NHibernate.Tool.hbm2ddl.SchemaMetadataUpdater.GetReservedWords(Dialect dialect, IConnectionHelper connectionHelper)
   en NHibernate.Tool.hbm2ddl.SchemaMetadataUpdater.Update(ISessionFactory sessionFactory)
   en NHibernate.Impl.SessionFactoryImpl..ctor(Configuration cfg, IMapping mapping, Settings settings, EventListeners listeners)
   en NHibernate.Cfg.Configuration.BuildSessionFactory()
   en Castle.ActiveRecord.Framework.SessionFactoryHolder.GetSessionFactory(Type type)
   en Castle.ActiveRecord.Framework.SessionFactoryHolder.CreateSession(Type type)
   en Castle.ActiveRecord.ActiveRecordBase.InternalSave(Object instance, Boolean flush)
   en Castle.ActiveRecord.ActiveRecordBase.Save(Object instance)
   en Castle.ActiveRecord.ActiveRecordBase.Save()
   en FileProccesor.Services.Cambio.Persistir(String file) en c:\Users\Virtual7\Documents\GitHub\Importador.Fidecard\FileProccesor\Services\Cambio.cs:línea 39
   en Front.Form1.Work(String filepath) en c:\Users\Virtual7\Documents\GitHub\Importador.Fidecard\Front\Form1.cs:línea 74
2012-08-19 16:12:50,781 [9] FATAL Front.Form1 [(null)] &lt;(null)&gt; - Un Archivo 'OLA_250712.txt' en 'C:\Temp\' ha sido eliminado el dom , 19-ago-2012 04:12 p.m.
2012-08-19 16:12:50,797 [9] FATAL Front.Form1 [(null)] &lt;(null)&gt; - Un Archivo 'CAMBIO_250712.txt' en 'C:\Temp\' ha sido eliminado el dom , 19-ago-2012 04:12 p.m.
2012-08-19 16:12:54,203 [9] FATAL Front.Form1 [(null)] &lt;(null)&gt; - Un Archivo 'OLA_250712.txt' en 'C:\Temp\' ha sido creado el dom , 19-ago-2012 04:12 p.m.
2012-08-19 16:12:54,218 [9] FATAL Front.Form1 [(null)] &lt;(null)&gt; - Un Archivo 'CAMBIO_250712.txt' en 'C:\Temp\' ha sido creado el dom , 19-ago-2012 04:12 p.m.
2012-08-19 16:13:09,281 [6] FATAL FileProccesor.Services.Transatlantica [(null)] &lt;(null)&gt; - System.Data.SqlClient.SqlException: Error relacionado con la red o específico de la instancia mientras se establecía una conexión con el servidor SQL Server. No se encontró el servidor o éste no estaba accesible. Compruebe que el nombre de la instancia es correcto y que SQL Server está configurado para admitir conexiones remotas. (provider: Interfaces de red SQL, error: 26 - Error al buscar el servidor o instancia especificado)
   en System.Data.SqlClient.SqlInternalConnection.OnError(SqlException exception, Boolean breakConnection)
   en System.Data.SqlClient.TdsParser.ThrowExceptionAndWarning(TdsParserStateObject stateObj)
   en System.Data.SqlClient.TdsParser.Connect(ServerInfo serverInfo, SqlInternalConnectionTds connHandler, Boolean ignoreSniOpenTimeout, Int64 timerExpire, Boolean encrypt, Boolean trustServerCert, Boolean integratedSecurity, SqlConnection owningObject)
   en System.Data.SqlClient.SqlInternalConnectionTds.AttemptOneLogin(ServerInfo serverInfo, String newPassword, Boolean ignoreSniOpenTimeout, Int64 timerExpire, SqlConnection owningObject)
   en System.Data.SqlClient.SqlInternalConnectionTds.LoginNoFailover(String host, String newPassword, Boolean redirectedUserInstance, SqlConnection owningObject, SqlConnectionString connectionOptions, Int64 timerStart)
   en System.Data.SqlClient.SqlInternalConnectionTds.OpenLoginEnlist(SqlConnection owningObject, SqlConnectionString connectionOptions, String newPassword, Boolean redirectedUserInstance)
   en System.Data.SqlClient.SqlInternalConnectionTds..ctor(DbConnectionPoolIdentity identity, SqlConnectionString connectionOptions, Object providerInfo, String newPassword, SqlConnection owningObject, Boolean redirectedUserInstance)
   en System.Data.SqlClient.SqlConnectionFactory.CreateConnection(DbConnectionOptions options, Object poolGroupProviderInfo, DbConnectionPool pool, DbConnection owningConnection)
   en System.Data.ProviderBase.DbConnectionFactory.CreateNonPooledConnection(DbConnection owningConnection, DbConnectionPoolGroup poolGroup)
   en System.Data.ProviderBase.DbConnectionFactory.GetConnection(DbConnection owningConnection)
   en System.Data.ProviderBase.DbConnectionClosed.OpenConnection(DbConnection outerConnection, DbConnectionFactory connectionFactory)
   en System.Data.SqlClient.SqlConnection.Open()
   en NHibernate.Connection.DriverConnectionProvider.GetConnection()
   en NHibernate.Tool.hbm2ddl.SuppliedConnectionProviderConnectionHelper.Prepare()
   en NHibernate.Tool.hbm2ddl.SchemaMetadataUpdater.GetReservedWords(Dialect dialect, IConnectionHelper connectionHelper)
   en NHibernate.Tool.hbm2ddl.SchemaMetadataUpdater.Update(ISessionFactory sessionFactory)
   en NHibernate.Impl.SessionFactoryImpl..ctor(Configuration cfg, IMapping mapping, Settings settings, EventListeners listeners)
   en NHibernate.Cfg.Configuration.BuildSessionFactory()
   en Castle.ActiveRecord.Framework.SessionFactoryHolder.GetSessionFactory(Type type)
   en Castle.ActiveRecord.Framework.SessionFactoryHolder.CreateSession(Type type)
   en Castle.ActiveRecord.ActiveRecordBase.InternalSave(Object instance, Boolean flush)
   en Castle.ActiveRecord.ActiveRecordBase.Save(Object instance)
   en Castle.ActiveRecord.ActiveRecordBase.Save()
   en FileProccesor.Services.Transatlantica.Persistir(String file) en c:\Users\Virtual7\Documents\GitHub\Importador.Fidecard\FileProccesor\Services\Transatlantica.cs:línea 43
2012-08-19 16:13:31,515 [6] FATAL Front.Form1 [(null)] &lt;(null)&gt; - System.Data.SqlClient.SqlException: Error relacionado con la red o específico de la instancia mientras se establecía una conexión con el servidor SQL Server. No se encontró el servidor o éste no estaba accesible. Compruebe que el nombre de la instancia es correcto y que SQL Server está configurado para admitir conexiones remotas. (provider: Interfaces de red SQL, error: 26 - Error al buscar el servidor o instancia especificado)
   en System.Data.SqlClient.SqlInternalConnection.OnError(SqlException exception, Boolean breakConnection)
   en System.Data.SqlClient.TdsParser.ThrowExceptionAndWarning(TdsParserStateObject stateObj)
   en System.Data.SqlClient.TdsParser.Connect(ServerInfo serverInfo, SqlInternalConnectionTds connHandler, Boolean ignoreSniOpenTimeout, Int64 timerExpire, Boolean encrypt, Boolean trustServerCert, Boolean integratedSecurity, SqlConnection owningObject)
   en System.Data.SqlClient.SqlInternalConnectionTds.AttemptOneLogin(ServerInfo serverInfo, String newPassword, Boolean ignoreSniOpenTimeout, Int64 timerExpire, SqlConnection owningObject)
   en System.Data.SqlClient.SqlInternalConnectionTds.LoginNoFailover(String host, String newPassword, Boolean redirectedUserInstance, SqlConnection owningObject, SqlConnectionString connectionOptions, Int64 timerStart)
   en System.Data.SqlClient.SqlInternalConnectionTds.OpenLoginEnlist(SqlConnection owningObject, SqlConnectionString connectionOptions, String newPassword, Boolean redirectedUserInstance)
   en System.Data.SqlClient.SqlInternalConnectionTds..ctor(DbConnectionPoolIdentity identity, SqlConnectionString connectionOptions, Object providerInfo, String newPassword, SqlConnection owningObject, Boolean redirectedUserInstance)
   en System.Data.SqlClient.SqlConnectionFactory.CreateConnection(DbConnectionOptions options, Object poolGroupProviderInfo, DbConnectionPool pool, DbConnection owningConnection)
   en System.Data.ProviderBase.DbConnectionFactory.CreateNonPooledConnection(DbConnection owningConnection, DbConnectionPoolGroup poolGroup)
   en System.Data.ProviderBase.DbConnectionFactory.GetConnection(DbConnection owningConnection)
   en System.Data.ProviderBase.DbConnectionClosed.OpenConnection(DbConnection outerConnection, DbConnectionFactory connectionFactory)
   en System.Data.SqlClient.SqlConnection.Open()
   en NHibernate.Connection.DriverConnectionProvider.GetConnection()
   en NHibernate.Tool.hbm2ddl.SuppliedConnectionProviderConnectionHelper.Prepare()
   en NHibernate.Tool.hbm2ddl.SchemaMetadataUpdater.GetReservedWords(Dialect dialect, IConnectionHelper connectionHelper)
   en NHibernate.Tool.hbm2ddl.SchemaMetadataUpdater.Update(ISessionFactory sessionFactory)
   en NHibernate.Impl.SessionFactoryImpl..ctor(Configuration cfg, IMapping mapping, Settings settings, EventListeners listeners)
   en NHibernate.Cfg.Configuration.BuildSessionFactory()
   en Castle.ActiveRecord.Framework.SessionFactoryHolder.GetSessionFactory(Type type)
   en Castle.ActiveRecord.Framework.SessionFactoryHolder.CreateSession(Type type)
   en Castle.ActiveRecord.ActiveRecordBase.FindAll(Type targetType, Order[] orders, ICriterion[] criteria)
   en Castle.ActiveRecord.ActiveRecordBase.FindAll(Type targetType, ICriterion[] criteria)
   en Castle.ActiveRecord.ActiveRecordBase.FindAllByProperty(Type targetType, String property, Object value)
   en Castle.ActiveRecord.ActiveRecordBase`1.FindAllByProperty(String property, Object value)
   en FileProccesor.Services.WorkflowFidecard.Registro() en c:\Users\Virtual7\Documents\GitHub\Importador.Fidecard\FileProccesor\Services\WorkflowFidecard.cs:línea 17
   en Front.Form1.Work(String filepath) en c:\Users\Virtual7\Documents\GitHub\Importador.Fidecard\Front\Form1.cs:línea 75
2012-08-19 16:18:04,592 [14] FATAL Front.Form1 [(null)] &lt;(null)&gt; - System.Data.SqlClient.SqlException: Error relacionado con la red o específico de la instancia mientras se establecía una conexión con el servidor SQL Server. No se encontró el servidor o éste no estaba accesible. Compruebe que el nombre de la instancia es correcto y que SQL Server está configurado para admitir conexiones remotas. (provider: Interfaces de red SQL, error: 26 - Error al buscar el servidor o instancia especificado)
   en System.Data.SqlClient.SqlInternalConnection.OnError(SqlException exception, Boolean breakConnection)
   en System.Data.SqlClient.TdsParser.ThrowExceptionAndWarning(TdsParserStateObject stateObj)
   en System.Data.SqlClient.TdsParser.Connect(ServerInfo serverInfo, SqlInternalConnectionTds connHandler, Boolean ignoreSniOpenTimeout, Int64 timerExpire, Boolean encrypt, Boolean trustServerCert, Boolean integratedSecurity, SqlConnection owningObject)
   en System.Data.SqlClient.SqlInternalConnectionTds.AttemptOneLogin(ServerInfo serverInfo, String newPassword, Boolean ignoreSniOpenTimeout, Int64 timerExpire, SqlConnection owningObject)
   en System.Data.SqlClient.SqlInternalConnectionTds.LoginNoFailover(String host, String newPassword, Boolean redirectedUserInstance, SqlConnection owningObject, SqlConnectionString connectionOptions, Int64 timerStart)
   en System.Data.SqlClient.SqlInternalConnectionTds.OpenLoginEnlist(SqlConnection owningObject, SqlConnectionString connectionOptions, String newPassword, Boolean redirectedUserInstance)
   en System.Data.SqlClient.SqlInternalConnectionTds..ctor(DbConnectionPoolIdentity identity, SqlConnectionString connectionOptions, Object providerInfo, String newPassword, SqlConnection owningObject, Boolean redirectedUserInstance)
   en System.Data.SqlClient.SqlConnectionFactory.CreateConnection(DbConnectionOptions options, Object poolGroupProviderInfo, DbConnectionPool pool, DbConnection owningConnection)
   en System.Data.ProviderBase.DbConnectionFactory.CreateNonPooledConnection(DbConnection owningConnection, DbConnectionPoolGroup poolGroup)
   en System.Data.ProviderBase.DbConnectionFactory.GetConnection(DbConnection owningConnection)
   en System.Data.ProviderBase.DbConnectionClosed.OpenConnection(DbConnection outerConnection, DbConnectionFactory connectionFactory)
   en System.Data.SqlClient.SqlConnection.Open()
   en NHibernate.Connection.DriverConnectionProvider.GetConnection()
   en NHibernate.Tool.hbm2ddl.SuppliedConnectionProviderConnectionHelper.Prepare()
   en NHibernate.Tool.hbm2ddl.SchemaMetadataUpdater.GetReservedWords(Dialect dialect, IConnectionHelper connectionHelper)
   en NHibernate.Tool.hbm2ddl.SchemaMetadataUpdater.Update(ISessionFactory sessionFactory)
   en NHibernate.Impl.SessionFactoryImpl..ctor(Configuration cfg, IMapping mapping, Settings settings, EventListeners listeners)
   en NHibernate.Cfg.Configuration.BuildSessionFactory()
   en Castle.ActiveRecord.Framework.SessionFactoryHolder.GetSessionFactory(Type type)
   en Castle.ActiveRecord.Framework.SessionFactoryHolder.CreateSession(Type type)
   en Castle.ActiveRecord.ActiveRecordBase.FindAll(Type targetType, Order[] orders, ICriterion[] criteria)
   en Castle.ActiveRecord.ActiveRecordBase.FindAll(Type targetType, ICriterion[] criteria)
   en Castle.ActiveRecord.ActiveRecordBase.FindAllByProperty(Type targetType, String property, Object value)
   en Castle.ActiveRecord.ActiveRecordBase`1.FindAllByProperty(String property, Object value)
   en FileProccesor.Services.WorkflowFidecard.Registro() en c:\Users\Virtual7\Documents\GitHub\Importador.Fidecard\FileProccesor\Services\WorkflowFidecard.cs:línea 17
   en Front.Form1.Work(String filepath) en c:\Users\Virtual7\Documents\GitHub\Importador.Fidecard\Front\Form1.cs:línea 75
2012-08-19 17:34:43,224 [8] FATAL Front.Form1 [(null)] &lt;(null)&gt; - Un Archivo 'OLA_250712.txt' en 'C:\Temp\' ha sido eliminado el dom , 19-ago-2012 05:34 p.m.
2012-08-19 17:34:43,255 [8] FATAL Front.Form1 [(null)] &lt;(null)&gt; - Un Archivo 'CAMBIO_250712.txt' en 'C:\Temp\' ha sido eliminado el dom , 19-ago-2012 05:34 p.m.
2012-08-19 17:36:20,391 [8] FATAL Front.Form1 [(null)] &lt;(null)&gt; - Un Archivo 'OLA_250712.txt' en 'C:\Temp\' ha sido creado el dom , 19-ago-2012 05:36 p.m.
2012-08-19 17:36:20,391 [8] FATAL Front.Form1 [(null)] &lt;(null)&gt; - Un Archivo 'CAMBIO_250712.txt' en 'C:\Temp\' ha sido creado el dom , 19-ago-2012 05:36 p.m.
2012-08-19 17:36:35,438 [9] FATAL FileProccesor.Services.Transatlantica [(null)] &lt;(null)&gt; - System.Data.SqlClient.SqlException: Error relacionado con la red o específico de la instancia mientras se establecía una conexión con el servidor SQL Server. No se encontró el servidor o éste no estaba accesible. Compruebe que el nombre de la instancia es correcto y que SQL Server está configurado para admitir conexiones remotas. (provider: Interfaces de red SQL, error: 26 - Error al buscar el servidor o instancia especificado)
   en System.Data.SqlClient.SqlInternalConnection.OnError(SqlException exception, Boolean breakConnection)
   en System.Data.SqlClient.TdsParser.ThrowExceptionAndWarning(TdsParserStateObject stateObj)
   en System.Data.SqlClient.TdsParser.Connect(ServerInfo serverInfo, SqlInternalConnectionTds connHandler, Boolean ignoreSniOpenTimeout, Int64 timerExpire, Boolean encrypt, Boolean trustServerCert, Boolean integratedSecurity, SqlConnection owningObject)
   en System.Data.SqlClient.SqlInternalConnectionTds.AttemptOneLogin(ServerInfo serverInfo, String newPassword, Boolean ignoreSniOpenTimeout, Int64 timerExpire, SqlConnection owningObject)
   en System.Data.SqlClient.SqlInternalConnectionTds.LoginNoFailover(String host, String newPassword, Boolean redirectedUserInstance, SqlConnection owningObject, SqlConnectionString connectionOptions, Int64 timerStart)
   en System.Data.SqlClient.SqlInternalConnectionTds.OpenLoginEnlist(SqlConnection owningObject, SqlConnectionString connectionOptions, String newPassword, Boolean redirectedUserInstance)
   en System.Data.SqlClient.SqlInternalConnectionTds..ctor(DbConnectionPoolIdentity identity, SqlConnectionString connectionOptions, Object providerInfo, String newPassword, SqlConnection owningObject, Boolean redirectedUserInstance)
   en System.Data.SqlClient.SqlConnectionFactory.CreateConnection(DbConnectionOptions options, Object poolGroupProviderInfo, DbConnectionPool pool, DbConnection owningConnection)
   en System.Data.ProviderBase.DbConnectionFactory.CreateNonPooledConnection(DbConnection owningConnection, DbConnectionPoolGroup poolGroup)
   en System.Data.ProviderBase.DbConnectionFactory.GetConnection(DbConnection owningConnection)
   en System.Data.ProviderBase.DbConnectionClosed.OpenConnection(DbConnection outerConnection, DbConnectionFactory connectionFactory)
   en System.Data.SqlClient.SqlConnection.Open()
   en NHibernate.Connection.DriverConnectionProvider.GetConnection()
   en NHibernate.Tool.hbm2ddl.SuppliedConnectionProviderConnectionHelper.Prepare()
   en NHibernate.Tool.hbm2ddl.SchemaMetadataUpdater.GetReservedWords(Dialect dialect, IConnectionHelper connectionHelper)
   en NHibernate.Tool.hbm2ddl.SchemaMetadataUpdater.Update(ISessionFactory sessionFactory)
   en NHibernate.Impl.SessionFactoryImpl..ctor(Configuration cfg, IMapping mapping, Settings settings, EventListeners listeners)
   en NHibernate.Cfg.Configuration.BuildSessionFactory()
   en Castle.ActiveRecord.Framework.SessionFactoryHolder.GetSessionFactory(Type type)
   en Castle.ActiveRecord.Framework.SessionFactoryHolder.CreateSession(Type type)
   en Castle.ActiveRecord.ActiveRecordBase.InternalSave(Object instance, Boolean flush)
   en Castle.ActiveRecord.ActiveRecordBase.Save(Object instance)
   en Castle.ActiveRecord.ActiveRecordBase.Save()
   en FileProccesor.Services.Transatlantica.Persistir(String file) en c:\Users\Virtual7\Documents\GitHub\Importador.Fidecard\FileProccesor\Services\Transatlantica.cs:línea 43
2012-08-19 17:36:56,031 [9] FATAL Front.Form1 [(null)] &lt;(null)&gt; - System.Data.SqlClient.SqlException: Error relacionado con la red o específico de la instancia mientras se establecía una conexión con el servidor SQL Server. No se encontró el servidor o éste no estaba accesible. Compruebe que el nombre de la instancia es correcto y que SQL Server está configurado para admitir conexiones remotas. (provider: Interfaces de red SQL, error: 26 - Error al buscar el servidor o instancia especificado)
   en System.Data.SqlClient.SqlInternalConnection.OnError(SqlException exception, Boolean breakConnection)
   en System.Data.SqlClient.TdsParser.ThrowExceptionAndWarning(TdsParserStateObject stateObj)
   en System.Data.SqlClient.TdsParser.Connect(ServerInfo serverInfo, SqlInternalConnectionTds connHandler, Boolean ignoreSniOpenTimeout, Int64 timerExpire, Boolean encrypt, Boolean trustServerCert, Boolean integratedSecurity, SqlConnection owningObject)
   en System.Data.SqlClient.SqlInternalConnectionTds.AttemptOneLogin(ServerInfo serverInfo, String newPassword, Boolean ignoreSniOpenTimeout, Int64 timerExpire, SqlConnection owningObject)
   en System.Data.SqlClient.SqlInternalConnectionTds.LoginNoFailover(String host, String newPassword, Boolean redirectedUserInstance, SqlConnection owningObject, SqlConnectionString connectionOptions, Int64 timerStart)
   en System.Data.SqlClient.SqlInternalConnectionTds.OpenLoginEnlist(SqlConnection owningObject, SqlConnectionString connectionOptions, String newPassword, Boolean redirectedUserInstance)
   en System.Data.SqlClient.SqlInternalConnectionTds..ctor(DbConnectionPoolIdentity identity, SqlConnectionString connectionOptions, Object providerInfo, String newPassword, SqlConnection owningObject, Boolean redirectedUserInstance)
   en System.Data.SqlClient.SqlConnectionFactory.CreateConnection(DbConnectionOptions options, Object poolGroupProviderInfo, DbConnectionPool pool, DbConnection owningConnection)
   en System.Data.ProviderBase.DbConnectionFactory.CreateNonPooledConnection(DbConnection owningConnection, DbConnectionPoolGroup poolGroup)
   en System.Data.ProviderBase.DbConnectionFactory.GetConnection(DbConnection owningConnection)
   en System.Data.ProviderBase.DbConnectionClosed.OpenConnection(DbConnection outerConnection, DbConnectionFactory connectionFactory)
   en System.Data.SqlClient.SqlConnection.Open()
   en NHibernate.Connection.DriverConnectionProvider.GetConnection()
   en NHibernate.Tool.hbm2ddl.SuppliedConnectionProviderConnectionHelper.Prepare()
   en NHibernate.Tool.hbm2ddl.SchemaMetadataUpdater.GetReservedWords(Dialect dialect, IConnectionHelper connectionHelper)
   en NHibernate.Tool.hbm2ddl.SchemaMetadataUpdater.Update(ISessionFactory sessionFactory)
   en NHibernate.Impl.SessionFactoryImpl..ctor(Configuration cfg, IMapping mapping, Settings settings, EventListeners listeners)
   en NHibernate.Cfg.Configuration.BuildSessionFactory()
   en Castle.ActiveRecord.Framework.SessionFactoryHolder.GetSessionFactory(Type type)
   en Castle.ActiveRecord.Framework.SessionFactoryHolder.CreateSession(Type type)
   en Castle.ActiveRecord.ActiveRecordBase.FindAll(Type targetType, Order[] orders, ICriterion[] criteria)
   en Castle.ActiveRecord.ActiveRecordBase.FindAll(Type targetType, ICriterion[] criteria)
   en Castle.ActiveRecord.ActiveRecordBase.FindAllByProperty(Type targetType, String property, Object value)
   en Castle.ActiveRecord.ActiveRecordBase`1.FindAllByProperty(String property, Object value)
   en FileProccesor.Services.WorkflowFidecard.Registro() en c:\Users\Virtual7\Documents\GitHub\Importador.Fidecard\FileProccesor\Services\WorkflowFidecard.cs:línea 17
   en Front.Form1.Work(String filepath) en c:\Users\Virtual7\Documents\GitHub\Importador.Fidecard\Front\Form1.cs:línea 75
2012-08-19 17:37:49,891 [13] FATAL Front.Form1 [(null)] &lt;(null)&gt; - System.Data.SqlClient.SqlException: Error relacionado con la red o específico de la instancia mientras se establecía una conexión con el servidor SQL Server. No se encontró el servidor o éste no estaba accesible. Compruebe que el nombre de la instancia es correcto y que SQL Server está configurado para admitir conexiones remotas. (provider: Interfaces de red SQL, error: 26 - Error al buscar el servidor o instancia especificado)
   en System.Data.SqlClient.SqlInternalConnection.OnError(SqlException exception, Boolean breakConnection)
   en System.Data.SqlClient.TdsParser.ThrowExceptionAndWarning(TdsParserStateObject stateObj)
   en System.Data.SqlClient.TdsParser.Connect(ServerInfo serverInfo, SqlInternalConnectionTds connHandler, Boolean ignoreSniOpenTimeout, Int64 timerExpire, Boolean encrypt, Boolean trustServerCert, Boolean integratedSecurity, SqlConnection owningObject)
   en System.Data.SqlClient.SqlInternalConnectionTds.AttemptOneLogin(ServerInfo serverInfo, String newPassword, Boolean ignoreSniOpenTimeout, Int64 timerExpire, SqlConnection owningObject)
   en System.Data.SqlClient.SqlInternalConnectionTds.LoginNoFailover(String host, String newPassword, Boolean redirectedUserInstance, SqlConnection owningObject, SqlConnectionString connectionOptions, Int64 timerStart)
   en System.Data.SqlClient.SqlInternalConnectionTds.OpenLoginEnlist(SqlConnection owningObject, SqlConnectionString connectionOptions, String newPassword, Boolean redirectedUserInstance)
   en System.Data.SqlClient.SqlInternalConnectionTds..ctor(DbConnectionPoolIdentity identity, SqlConnectionString connectionOptions, Object providerInfo, String newPassword, SqlConnection owningObject, Boolean redirectedUserInstance)
   en System.Data.SqlClient.SqlConnectionFactory.CreateConnection(DbConnectionOptions options, Object poolGroupProviderInfo, DbConnectionPool pool, DbConnection owningConnection)
   en System.Data.ProviderBase.DbConnectionFactory.CreateNonPooledConnection(DbConnection owningConnection, DbConnectionPoolGroup poolGroup)
   en System.Data.ProviderBase.DbConnectionFactory.GetConnection(DbConnection owningConnection)
   en System.Data.ProviderBase.DbConnectionClosed.OpenConnection(DbConnection outerConnection, DbConnectionFactory connectionFactory)
   en System.Data.SqlClient.SqlConnection.Open()
   en NHibernate.Connection.DriverConnectionProvider.GetConnection()
   en NHibernate.Tool.hbm2ddl.SuppliedConnectionProviderConnectionHelper.Prepare()
   en NHibernate.Tool.hbm2ddl.SchemaMetadataUpdater.GetReservedWords(Dialect dialect, IConnectionHelper connectionHelper)
   en NHibernate.Tool.hbm2ddl.SchemaMetadataUpdater.Update(ISessionFactory sessionFactory)
   en NHibernate.Impl.SessionFactoryImpl..ctor(Configuration cfg, IMapping mapping, Settings settings, EventListeners listeners)
   en NHibernate.Cfg.Configuration.BuildSessionFactory()
   en Castle.ActiveRecord.Framework.SessionFactoryHolder.GetSessionFactory(Type type)
   en Castle.ActiveRecord.Framework.SessionFactoryHolder.CreateSession(Type type)
   en Castle.ActiveRecord.ActiveRecordBase.FindAll(Type targetType, Order[] orders, ICriterion[] criteria)
   en Castle.ActiveRecord.ActiveRecordBase.FindAll(Type targetType, ICriterion[] criteria)
   en Castle.ActiveRecord.ActiveRecordBase.FindAllByProperty(Type targetType, String property, Object value)
   en Castle.ActiveRecord.ActiveRecordBase`1.FindAllByProperty(String property, Object value)
   en FileProccesor.Services.WorkflowFidecard.Registro() en c:\Users\Virtual7\Documents\GitHub\Importador.Fidecard\FileProccesor\Services\WorkflowFidecard.cs:línea 17
   en Front.Form1.Work(String filepath) en c:\Users\Virtual7\Documents\GitHub\Importador.Fidecard\Front\Form1.cs:línea 75
2012-08-19 17:39:51,600 [8] FATAL Front.Form1 [(null)] &lt;(null)&gt; - Un Archivo 'OLA_250712.txt' en 'C:\Temp\' ha sido eliminado el dom , 19-ago-2012 05:39 p.m.
2012-08-19 17:39:51,603 [8] FATAL Front.Form1 [(null)] &lt;(null)&gt; - Un Archivo 'CAMBIO_250712.txt' en 'C:\Temp\' ha sido eliminado el dom , 19-ago-2012 05:39 p.m.
2012-08-19 17:39:59,034 [8] FATAL Front.Form1 [(null)] &lt;(null)&gt; - Un Archivo 'OLA_250712.txt' en 'C:\Temp\' ha sido creado el dom , 19-ago-2012 05:39 p.m.
2012-08-19 17:39:59,036 [8] FATAL Front.Form1 [(null)] &lt;(null)&gt; - Un Archivo 'CAMBIO_250712.txt' en 'C:\Temp\' ha sido creado el dom , 19-ago-2012 05:39 p.m.
2012-08-19 17:40:16,577 [13] FATAL FileProccesor.Services.Transatlantica [(null)] &lt;(null)&gt; - System.Data.SqlClient.SqlException: Error relacionado con la red o específico de la instancia mientras se establecía una conexión con el servidor SQL Server. No se encontró el servidor o éste no estaba accesible. Compruebe que el nombre de la instancia es correcto y que SQL Server está configurado para admitir conexiones remotas. (provider: Interfaces de red SQL, error: 26 - Error al buscar el servidor o instancia especificado)
   en System.Data.SqlClient.SqlInternalConnection.OnError(SqlException exception, Boolean breakConnection)
   en System.Data.SqlClient.TdsParser.ThrowExceptionAndWarning(TdsParserStateObject stateObj)
   en System.Data.SqlClient.TdsParser.Connect(ServerInfo serverInfo, SqlInternalConnectionTds connHandler, Boolean ignoreSniOpenTimeout, Int64 timerExpire, Boolean encrypt, Boolean trustServerCert, Boolean integratedSecurity, SqlConnection owningObject)
   en System.Data.SqlClient.SqlInternalConnectionTds.AttemptOneLogin(ServerInfo serverInfo, String newPassword, Boolean ignoreSniOpenTimeout, Int64 timerExpire, SqlConnection owningObject)
   en System.Data.SqlClient.SqlInternalConnectionTds.LoginNoFailover(String host, String newPassword, Boolean redirectedUserInstance, SqlConnection owningObject, SqlConnectionString connectionOptions, Int64 timerStart)
   en System.Data.SqlClient.SqlInternalConnectionTds.OpenLoginEnlist(SqlConnection owningObject, SqlConnectionString connectionOptions, String newPassword, Boolean redirectedUserInstance)
   en System.Data.SqlClient.SqlInternalConnectionTds..ctor(DbConnectionPoolIdentity identity, SqlConnectionString connectionOptions, Object providerInfo, String newPassword, SqlConnection owningObject, Boolean redirectedUserInstance)
   en System.Data.SqlClient.SqlConnectionFactory.CreateConnection(DbConnectionOptions options, Object poolGroupProviderInfo, DbConnectionPool pool, DbConnection owningConnection)
   en System.Data.ProviderBase.DbConnectionFactory.CreateNonPooledConnection(DbConnection owningConnection, DbConnectionPoolGroup poolGroup)
   en System.Data.ProviderBase.DbConnectionFactory.GetConnection(DbConnection owningConnection)
   en System.Data.ProviderBase.DbConnectionClosed.OpenConnection(DbConnection outerConnection, DbConnectionFactory connectionFactory)
   en System.Data.SqlClient.SqlConnection.Open()
   en NHibernate.Connection.DriverConnectionProvider.GetConnection()
   en NHibernate.Tool.hbm2ddl.SuppliedConnectionProviderConnectionHelper.Prepare()
   en NHibernate.Tool.hbm2ddl.SchemaMetadataUpdater.GetReservedWords(Dialect dialect, IConnectionHelper connectionHelper)
   en NHibernate.Tool.hbm2ddl.SchemaMetadataUpdater.Update(ISessionFactory sessionFactory)
   en NHibernate.Impl.SessionFactoryImpl..ctor(Configuration cfg, IMapping mapping, Settings settings, EventListeners listeners)
   en NHibernate.Cfg.Configuration.BuildSessionFactory()
   en Castle.ActiveRecord.Framework.SessionFactoryHolder.GetSessionFactory(Type type)
   en Castle.ActiveRecord.Framework.SessionFactoryHolder.CreateSession(Type type)
   en Castle.ActiveRecord.ActiveRecordBase.InternalSave(Object instance, Boolean flush)
   en Castle.ActiveRecord.ActiveRecordBase.Save(Object instance)
   en Castle.ActiveRecord.ActiveRecordBase.Save()
   en FileProccesor.Services.Transatlantica.Persistir(String file) en c:\Users\Virtual7\Documents\GitHub\Importador.Fidecard\FileProccesor\Services\Transatlantica.cs:línea 43
2012-08-19 17:40:36,042 [13] FATAL Front.Form1 [(null)] &lt;(null)&gt; - System.Data.SqlClient.SqlException: Error relacionado con la red o específico de la instancia mientras se establecía una conexión con el servidor SQL Server. No se encontró el servidor o éste no estaba accesible. Compruebe que el nombre de la instancia es correcto y que SQL Server está configurado para admitir conexiones remotas. (provider: Interfaces de red SQL, error: 26 - Error al buscar el servidor o instancia especificado)
   en System.Data.SqlClient.SqlInternalConnection.OnError(SqlException exception, Boolean breakConnection)
   en System.Data.SqlClient.TdsParser.ThrowExceptionAndWarning(TdsParserStateObject stateObj)
   en System.Data.SqlClient.TdsParser.Connect(ServerInfo serverInfo, SqlInternalConnectionTds connHandler, Boolean ignoreSniOpenTimeout, Int64 timerExpire, Boolean encrypt, Boolean trustServerCert, Boolean integratedSecurity, SqlConnection owningObject)
   en System.Data.SqlClient.SqlInternalConnectionTds.AttemptOneLogin(ServerInfo serverInfo, String newPassword, Boolean ignoreSniOpenTimeout, Int64 timerExpire, SqlConnection owningObject)
   en System.Data.SqlClient.SqlInternalConnectionTds.LoginNoFailover(String host, String newPassword, Boolean redirectedUserInstance, SqlConnection owningObject, SqlConnectionString connectionOptions, Int64 timerStart)
   en System.Data.SqlClient.SqlInternalConnectionTds.OpenLoginEnlist(SqlConnection owningObject, SqlConnectionString connectionOptions, String newPassword, Boolean redirectedUserInstance)
   en System.Data.SqlClient.SqlInternalConnectionTds..ctor(DbConnectionPoolIdentity identity, SqlConnectionString connectionOptions, Object providerInfo, String newPassword, SqlConnection owningObject, Boolean redirectedUserInstance)
   en System.Data.SqlClient.SqlConnectionFactory.CreateConnection(DbConnectionOptions options, Object poolGroupProviderInfo, DbConnectionPool pool, DbConnection owningConnection)
   en System.Data.ProviderBase.DbConnectionFactory.CreateNonPooledConnection(DbConnection owningConnection, DbConnectionPoolGroup poolGroup)
   en System.Data.ProviderBase.DbConnectionFactory.GetConnection(DbConnection owningConnection)
   en System.Data.ProviderBase.DbConnectionClosed.OpenConnection(DbConnection outerConnection, DbConnectionFactory connectionFactory)
   en System.Data.SqlClient.SqlConnection.Open()
   en NHibernate.Connection.DriverConnectionProvider.GetConnection()
   en NHibernate.Tool.hbm2ddl.SuppliedConnectionProviderConnectionHelper.Prepare()
   en NHibernate.Tool.hbm2ddl.SchemaMetadataUpdater.GetReservedWords(Dialect dialect, IConnectionHelper connectionHelper)
   en NHibernate.Tool.hbm2ddl.SchemaMetadataUpdater.Update(ISessionFactory sessionFactory)
   en NHibernate.Impl.SessionFactoryImpl..ctor(Configuration cfg, IMapping mapping, Settings settings, EventListeners listeners)
   en NHibernate.Cfg.Configuration.BuildSessionFactory()
   en Castle.ActiveRecord.Framework.SessionFactoryHolder.GetSessionFactory(Type type)
   en Castle.ActiveRecord.Framework.SessionFactoryHolder.CreateSession(Type type)
   en Castle.ActiveRecord.ActiveRecordBase.FindAll(Type targetType, Order[] orders, ICriterion[] criteria)
   en Castle.ActiveRecord.ActiveRecordBase.FindAll(Type targetType, ICriterion[] criteria)
   en Castle.ActiveRecord.ActiveRecordBase.FindAllByProperty(Type targetType, String property, Object value)
   en Castle.ActiveRecord.ActiveRecordBase`1.FindAllByProperty(String property, Object value)
   en FileProccesor.Services.WorkflowFidecard.Registro() en c:\Users\Virtual7\Documents\GitHub\Importador.Fidecard\FileProccesor\Services\WorkflowFidecard.cs:línea 17
   en Front.Form1.Work(String filepath) en c:\Users\Virtual7\Documents\GitHub\Importador.Fidecard\Front\Form1.cs:línea 75
2012-08-19 17:45:02,345 [9] FATAL Front.Form1 [(null)] &lt;(null)&gt; - Un Archivo 'OLA_250712.txt' en 'C:\Temp\' ha sido eliminado el dom , 19-ago-2012 05:45 p.m.
2012-08-19 17:45:02,376 [9] FATAL Front.Form1 [(null)] &lt;(null)&gt; - Un Archivo 'CAMBIO_250712.txt' en 'C:\Temp\' ha sido eliminado el dom , 19-ago-2012 05:45 p.m.
2012-08-19 17:45:06,454 [9] FATAL Front.Form1 [(null)] &lt;(null)&gt; - Un Archivo 'OLA_250712.txt' en 'C:\Temp\' ha sido creado el dom , 19-ago-2012 05:45 p.m.
2012-08-19 17:45:06,454 [9] FATAL Front.Form1 [(null)] &lt;(null)&gt; - Un Archivo 'CAMBIO_250712.txt' en 'C:\Temp\' ha sido creado el dom , 19-ago-2012 05:45 p.m.
2012-08-19 17:45:21,520 [6] FATAL FileProccesor.Services.Transatlantica [(null)] &lt;(null)&gt; - System.Data.SqlClient.SqlException: Error relacionado con la red o específico de la instancia mientras se establecía una conexión con el servidor SQL Server. No se encontró el servidor o éste no estaba accesible. Compruebe que el nombre de la instancia es correcto y que SQL Server está configurado para admitir conexiones remotas. (provider: Interfaces de red SQL, error: 26 - Error al buscar el servidor o instancia especificado)
   en System.Data.SqlClient.SqlInternalConnection.OnError(SqlException exception, Boolean breakConnection)
   en System.Data.SqlClient.TdsParser.ThrowExceptionAndWarning(TdsParserStateObject stateObj)
   en System.Data.SqlClient.TdsParser.Connect(ServerInfo serverInfo, SqlInternalConnectionTds connHandler, Boolean ignoreSniOpenTimeout, Int64 timerExpire, Boolean encrypt, Boolean trustServerCert, Boolean integratedSecurity, SqlConnection owningObject)
   en System.Data.SqlClient.SqlInternalConnectionTds.AttemptOneLogin(ServerInfo serverInfo, String newPassword, Boolean ignoreSniOpenTimeout, Int64 timerExpire, SqlConnection owningObject)
   en System.Data.SqlClient.SqlInternalConnectionTds.LoginNoFailover(String host, String newPassword, Boolean redirectedUserInstance, SqlConnection owningObject, SqlConnectionString connectionOptions, Int64 timerStart)
   en System.Data.SqlClient.SqlInternalConnectionTds.OpenLoginEnlist(SqlConnection owningObject, SqlConnectionString connectionOptions, String newPassword, Boolean redirectedUserInstance)
   en System.Data.SqlClient.SqlInternalConnectionTds..ctor(DbConnectionPoolIdentity identity, SqlConnectionString connectionOptions, Object providerInfo, String newPassword, SqlConnection owningObject, Boolean redirectedUserInstance)
   en System.Data.SqlClient.SqlConnectionFactory.CreateConnection(DbConnectionOptions options, Object poolGroupProviderInfo, DbConnectionPool pool, DbConnection owningConnection)
   en System.Data.ProviderBase.DbConnectionFactory.CreateNonPooledConnection(DbConnection owningConnection, DbConnectionPoolGroup poolGroup)
   en System.Data.ProviderBase.DbConnectionFactory.GetConnection(DbConnection owningConnection)
   en System.Data.ProviderBase.DbConnectionClosed.OpenConnection(DbConnection outerConnection, DbConnectionFactory connectionFactory)
   en System.Data.SqlClient.SqlConnection.Open()
   en NHibernate.Connection.DriverConnectionProvider.GetConnection()
   en NHibernate.Tool.hbm2ddl.SuppliedConnectionProviderConnectionHelper.Prepare()
   en NHibernate.Tool.hbm2ddl.SchemaMetadataUpdater.GetReservedWords(Dialect dialect, IConnectionHelper connectionHelper)
   en NHibernate.Tool.hbm2ddl.SchemaMetadataUpdater.Update(ISessionFactory sessionFactory)
   en NHibernate.Impl.SessionFactoryImpl..ctor(Configuration cfg, IMapping mapping, Settings settings, EventListeners listeners)
   en NHibernate.Cfg.Configuration.BuildSessionFactory()
   en Castle.ActiveRecord.Framework.SessionFactoryHolder.GetSessionFactory(Type type)
   en Castle.ActiveRecord.Framework.SessionFactoryHolder.CreateSession(Type type)
   en Castle.ActiveRecord.ActiveRecordBase.InternalSave(Object instance, Boolean flush)
   en Castle.ActiveRecord.ActiveRecordBase.Save(Object instance)
   en Castle.ActiveRecord.ActiveRecordBase.Save()
   en FileProccesor.Services.Transatlantica.Persistir(String file) en c:\Users\Virtual7\Documents\GitHub\Importador.Fidecard\FileProccesor\Services\Transatlantica.cs:línea 43
2012-08-19 17:45:45,078 [6] FATAL Front.Form1 [(null)] &lt;(null)&gt; - System.Data.SqlClient.SqlException: Error relacionado con la red o específico de la instancia mientras se establecía una conexión con el servidor SQL Server. No se encontró el servidor o éste no estaba accesible. Compruebe que el nombre de la instancia es correcto y que SQL Server está configurado para admitir conexiones remotas. (provider: Interfaces de red SQL, error: 26 - Error al buscar el servidor o instancia especificado)
   en System.Data.SqlClient.SqlInternalConnection.OnError(SqlException exception, Boolean breakConnection)
   en System.Data.SqlClient.TdsParser.ThrowExceptionAndWarning(TdsParserStateObject stateObj)
   en System.Data.SqlClient.TdsParser.Connect(ServerInfo serverInfo, SqlInternalConnectionTds connHandler, Boolean ignoreSniOpenTimeout, Int64 timerExpire, Boolean encrypt, Boolean trustServerCert, Boolean integratedSecurity, SqlConnection owningObject)
   en System.Data.SqlClient.SqlInternalConnectionTds.AttemptOneLogin(ServerInfo serverInfo, String newPassword, Boolean ignoreSniOpenTimeout, Int64 timerExpire, SqlConnection owningObject)
   en System.Data.SqlClient.SqlInternalConnectionTds.LoginNoFailover(String host, String newPassword, Boolean redirectedUserInstance, SqlConnection owningObject, SqlConnectionString connectionOptions, Int64 timerStart)
   en System.Data.SqlClient.SqlInternalConnectionTds.OpenLoginEnlist(SqlConnection owningObject, SqlConnectionString connectionOptions, String newPassword, Boolean redirectedUserInstance)
   en System.Data.SqlClient.SqlInternalConnectionTds..ctor(DbConnectionPoolIdentity identity, SqlConnectionString connectionOptions, Object providerInfo, String newPassword, SqlConnection owningObject, Boolean redirectedUserInstance)
   en System.Data.SqlClient.SqlConnectionFactory.CreateConnection(DbConnectionOptions options, Object poolGroupProviderInfo, DbConnectionPool pool, DbConnection owningConnection)
   en System.Data.ProviderBase.DbConnectionFactory.CreateNonPooledConnection(DbConnection owningConnection, DbConnectionPoolGroup poolGroup)
   en System.Data.ProviderBase.DbConnectionFactory.GetConnection(DbConnection owningConnection)
   en System.Data.ProviderBase.DbConnectionClosed.OpenConnection(DbConnection outerConnection, DbConnectionFactory connectionFactory)
   en System.Data.SqlClient.SqlConnection.Open()
   en NHibernate.Connection.DriverConnectionProvider.GetConnection()
   en NHibernate.Tool.hbm2ddl.SuppliedConnectionProviderConnectionHelper.Prepare()
   en NHibernate.Tool.hbm2ddl.SchemaMetadataUpdater.GetReservedWords(Dialect dialect, IConnectionHelper connectionHelper)
   en NHibernate.Tool.hbm2ddl.SchemaMetadataUpdater.Update(ISessionFactory sessionFactory)
   en NHibernate.Impl.SessionFactoryImpl..ctor(Configuration cfg, IMapping mapping, Settings settings, EventListeners listeners)
   en NHibernate.Cfg.Configuration.BuildSessionFactory()
   en Castle.ActiveRecord.Framework.SessionFactoryHolder.GetSessionFactory(Type type)
   en Castle.ActiveRecord.Framework.SessionFactoryHolder.CreateSession(Type type)
   en Castle.ActiveRecord.ActiveRecordBase.FindAll(Type targetType, Order[] orders, ICriterion[] criteria)
   en Castle.ActiveRecord.ActiveRecordBase.FindAll(Type targetType, ICriterion[] criteria)
   en Castle.ActiveRecord.ActiveRecordBase.FindAllByProperty(Type targetType, String property, Object value)
   en Castle.ActiveRecord.ActiveRecordBase`1.FindAllByProperty(String property, Object value)
   en FileProccesor.Services.WorkflowFidecard.Registro() en c:\Users\Virtual7\Documents\GitHub\Importador.Fidecard\FileProccesor\Services\WorkflowFidecard.cs:línea 17
   en Front.Form1.Work(String filepath) en c:\Users\Virtual7\Documents\GitHub\Importador.Fidecard\Front\Form1.cs:línea 75
